[2025-11-16T12:44:15.996+0000] {taskinstance.py:1979} INFO - Dependencies all met for dep_context=non-requeueable deps ti=<TaskInstance: oie_olympic_medal_counter_with_sensor.create_medals_table manual__2025-11-16T12:44:14.307324+00:00 [queued]>
[2025-11-16T12:44:15.998+0000] {taskinstance.py:1979} INFO - Dependencies all met for dep_context=requeueable deps ti=<TaskInstance: oie_olympic_medal_counter_with_sensor.create_medals_table manual__2025-11-16T12:44:14.307324+00:00 [queued]>
[2025-11-16T12:44:15.999+0000] {taskinstance.py:2193} INFO - Starting attempt 1 of 1
[2025-11-16T12:44:16.003+0000] {taskinstance.py:2214} INFO - Executing <Task(MySqlOperator): create_medals_table> on 2025-11-16 12:44:14.307324+00:00
[2025-11-16T12:44:16.007+0000] {standard_task_runner.py:60} INFO - Started process 12155 to run task
[2025-11-16T12:44:16.009+0000] {standard_task_runner.py:87} INFO - Running: ['***', 'tasks', 'run', 'oie_olympic_medal_counter_with_sensor', 'create_medals_table', 'manual__2025-11-16T12:44:14.307324+00:00', '--job-id', '4', '--raw', '--subdir', 'DAGS_FOLDER/hw_topic7_DAG_Oleksandr_Iesypenko.py', '--cfg-path', '/tmp/tmp11nerzh6']
[2025-11-16T12:44:16.010+0000] {standard_task_runner.py:88} INFO - Job 4: Subtask create_medals_table
[2025-11-16T12:44:16.033+0000] {task_command.py:423} INFO - Running <TaskInstance: oie_olympic_medal_counter_with_sensor.create_medals_table manual__2025-11-16T12:44:14.307324+00:00 [running]> on host d36c22d53cd0
[2025-11-16T12:44:16.065+0000] {taskinstance.py:2510} INFO - Exporting env vars: AIRFLOW_CTX_DAG_OWNER='***' AIRFLOW_CTX_DAG_ID='oie_olympic_medal_counter_with_sensor' AIRFLOW_CTX_TASK_ID='create_medals_table' AIRFLOW_CTX_EXECUTION_DATE='2025-11-16T12:44:14.307324+00:00' AIRFLOW_CTX_TRY_NUMBER='1' AIRFLOW_CTX_DAG_RUN_ID='manual__2025-11-16T12:44:14.307324+00:00'
[2025-11-16T12:44:16.066+0000] {sql.py:276} INFO - Executing: 
    CREATE TABLE IF NOT EXISTS medals (
        id INT AUTO_INCREMENT PRIMARY KEY,
        medal_type VARCHAR(50) NOT NULL,
        count INT,
        created_at TIMESTAMP DEFAULT CURRENT_TIMESTAMP
    );
    
[2025-11-16T12:44:16.073+0000] {taskinstance.py:2728} ERROR - Task failed with exception
Traceback (most recent call last):
  File "/home/airflow/.local/lib/python3.8/site-packages/airflow/models/taskinstance.py", line 444, in _execute_task
    result = _execute_callable(context=context, **execute_callable_kwargs)
  File "/home/airflow/.local/lib/python3.8/site-packages/airflow/models/taskinstance.py", line 414, in _execute_callable
    return execute_callable(context=context, **execute_callable_kwargs)
  File "/home/airflow/.local/lib/python3.8/site-packages/airflow/providers/common/sql/operators/sql.py", line 277, in execute
    hook = self.get_db_hook()
  File "/home/airflow/.local/lib/python3.8/site-packages/airflow/providers/common/sql/operators/sql.py", line 188, in get_db_hook
    return self._hook
  File "/usr/local/lib/python3.8/functools.py", line 967, in __get__
    val = self.func(instance)
  File "/home/airflow/.local/lib/python3.8/site-packages/airflow/providers/common/sql/operators/sql.py", line 150, in _hook
    conn = BaseHook.get_connection(conn_id)
  File "/home/airflow/.local/lib/python3.8/site-packages/airflow/hooks/base.py", line 82, in get_connection
    conn = Connection.get_connection_from_secrets(conn_id)
  File "/home/airflow/.local/lib/python3.8/site-packages/airflow/models/connection.py", line 514, in get_connection_from_secrets
    raise AirflowNotFoundException(f"The conn_id `{conn_id}` isn't defined")
airflow.exceptions.AirflowNotFoundException: The conn_id `mysql_default` isn't defined
[2025-11-16T12:44:16.076+0000] {taskinstance.py:1149} INFO - Marking task as FAILED. dag_id=oie_olympic_medal_counter_with_sensor, task_id=create_medals_table, execution_date=20251116T124414, start_date=20251116T124415, end_date=20251116T124416
[2025-11-16T12:44:16.080+0000] {standard_task_runner.py:107} ERROR - Failed to execute job 4 for task create_medals_table (The conn_id `mysql_default` isn't defined; 12155)
[2025-11-16T12:44:16.108+0000] {local_task_job_runner.py:234} INFO - Task exited with return code 1
[2025-11-16T12:44:16.114+0000] {warnings.py:109} WARNING - /home/***/.local/lib/python3.8/site-packages/***/models/baseoperator.py:1201: AirflowProviderDeprecationWarning: Call to deprecated class MySqlOperator. (Please use `***.providers.common.sql.operators.sql.SQLExecuteQueryOperator`.Also, you can provide `hook_params={'schema': <database>}`.)
  result = cls.__new__(cls)

[2025-11-16T12:44:16.121+0000] {taskinstance.py:3309} INFO - 0 downstream tasks scheduled from follow-on schedule check
