[2025-11-16T12:41:34.666+0000] {processor.py:161} INFO - Started process (PID=38) to work on /opt/airflow/dags/hw_topic7_DAG_Oleksandr_Iesypenko.py
[2025-11-16T12:41:34.668+0000] {processor.py:830} INFO - Processing file /opt/airflow/dags/hw_topic7_DAG_Oleksandr_Iesypenko.py for tasks to queue
[2025-11-16T12:41:34.669+0000] {logging_mixin.py:188} INFO - [2025-11-16T12:41:34.668+0000] {dagbag.py:540} INFO - Filling up the DagBag from /opt/airflow/dags/hw_topic7_DAG_Oleksandr_Iesypenko.py
[2025-11-16T12:41:34.687+0000] {processor.py:840} INFO - DAG(s) 'oie_olympic_medal_counter_with_sensor' retrieved from /opt/airflow/dags/hw_topic7_DAG_Oleksandr_Iesypenko.py
[2025-11-16T12:41:34.737+0000] {logging_mixin.py:188} INFO - [2025-11-16T12:41:34.737+0000] {override.py:1769} INFO - Created Permission View: can delete on DAG:oie_olympic_medal_counter_with_sensor
[2025-11-16T12:41:34.740+0000] {logging_mixin.py:188} INFO - [2025-11-16T12:41:34.740+0000] {override.py:1769} INFO - Created Permission View: can edit on DAG:oie_olympic_medal_counter_with_sensor
[2025-11-16T12:41:34.742+0000] {logging_mixin.py:188} INFO - [2025-11-16T12:41:34.742+0000] {override.py:1769} INFO - Created Permission View: can read on DAG:oie_olympic_medal_counter_with_sensor
[2025-11-16T12:41:34.743+0000] {logging_mixin.py:188} INFO - [2025-11-16T12:41:34.743+0000] {dag.py:3047} INFO - Sync 1 DAGs
[2025-11-16T12:41:34.748+0000] {logging_mixin.py:188} INFO - [2025-11-16T12:41:34.747+0000] {dag.py:3069} INFO - Creating ORM DAG for oie_olympic_medal_counter_with_sensor
[2025-11-16T12:41:34.748+0000] {logging_mixin.py:188} INFO - [2025-11-16T12:41:34.748+0000] {dag.py:3834} INFO - Setting next_dagrun for oie_olympic_medal_counter_with_sensor to None, run_after=None
[2025-11-16T12:41:34.754+0000] {processor.py:183} INFO - Processing /opt/airflow/dags/hw_topic7_DAG_Oleksandr_Iesypenko.py took 0.090 seconds
[2025-11-16T12:42:04.821+0000] {processor.py:161} INFO - Started process (PID=102) to work on /opt/airflow/dags/hw_topic7_DAG_Oleksandr_Iesypenko.py
[2025-11-16T12:42:04.821+0000] {processor.py:830} INFO - Processing file /opt/airflow/dags/hw_topic7_DAG_Oleksandr_Iesypenko.py for tasks to queue
[2025-11-16T12:42:04.822+0000] {logging_mixin.py:188} INFO - [2025-11-16T12:42:04.822+0000] {dagbag.py:540} INFO - Filling up the DagBag from /opt/airflow/dags/hw_topic7_DAG_Oleksandr_Iesypenko.py
[2025-11-16T12:42:04.831+0000] {processor.py:840} INFO - DAG(s) 'oie_olympic_medal_counter_with_sensor' retrieved from /opt/airflow/dags/hw_topic7_DAG_Oleksandr_Iesypenko.py
[2025-11-16T12:42:04.842+0000] {logging_mixin.py:188} INFO - [2025-11-16T12:42:04.842+0000] {dag.py:3047} INFO - Sync 1 DAGs
[2025-11-16T12:42:04.848+0000] {logging_mixin.py:188} INFO - [2025-11-16T12:42:04.848+0000] {dag.py:3834} INFO - Setting next_dagrun for oie_olympic_medal_counter_with_sensor to None, run_after=None
[2025-11-16T12:42:04.856+0000] {processor.py:183} INFO - Processing /opt/airflow/dags/hw_topic7_DAG_Oleksandr_Iesypenko.py took 0.038 seconds
[2025-11-16T12:42:35.716+0000] {processor.py:161} INFO - Started process (PID=162) to work on /opt/airflow/dags/hw_topic7_DAG_Oleksandr_Iesypenko.py
[2025-11-16T12:42:35.717+0000] {processor.py:830} INFO - Processing file /opt/airflow/dags/hw_topic7_DAG_Oleksandr_Iesypenko.py for tasks to queue
[2025-11-16T12:42:35.719+0000] {logging_mixin.py:188} INFO - [2025-11-16T12:42:35.719+0000] {dagbag.py:540} INFO - Filling up the DagBag from /opt/airflow/dags/hw_topic7_DAG_Oleksandr_Iesypenko.py
[2025-11-16T12:42:35.736+0000] {processor.py:840} INFO - DAG(s) 'oie_olympic_medal_counter_with_sensor' retrieved from /opt/airflow/dags/hw_topic7_DAG_Oleksandr_Iesypenko.py
[2025-11-16T12:42:35.751+0000] {logging_mixin.py:188} INFO - [2025-11-16T12:42:35.751+0000] {dag.py:3047} INFO - Sync 1 DAGs
[2025-11-16T12:42:35.757+0000] {logging_mixin.py:188} INFO - [2025-11-16T12:42:35.757+0000] {dag.py:3834} INFO - Setting next_dagrun for oie_olympic_medal_counter_with_sensor to None, run_after=None
[2025-11-16T12:42:35.770+0000] {processor.py:183} INFO - Processing /opt/airflow/dags/hw_topic7_DAG_Oleksandr_Iesypenko.py took 0.058 seconds
[2025-11-16T12:43:06.438+0000] {processor.py:161} INFO - Started process (PID=230) to work on /opt/airflow/dags/hw_topic7_DAG_Oleksandr_Iesypenko.py
[2025-11-16T12:43:06.439+0000] {processor.py:830} INFO - Processing file /opt/airflow/dags/hw_topic7_DAG_Oleksandr_Iesypenko.py for tasks to queue
[2025-11-16T12:43:06.441+0000] {logging_mixin.py:188} INFO - [2025-11-16T12:43:06.441+0000] {dagbag.py:540} INFO - Filling up the DagBag from /opt/airflow/dags/hw_topic7_DAG_Oleksandr_Iesypenko.py
[2025-11-16T12:43:06.451+0000] {processor.py:840} INFO - DAG(s) 'oie_olympic_medal_counter_with_sensor' retrieved from /opt/airflow/dags/hw_topic7_DAG_Oleksandr_Iesypenko.py
[2025-11-16T12:43:06.463+0000] {logging_mixin.py:188} INFO - [2025-11-16T12:43:06.463+0000] {dag.py:3047} INFO - Sync 1 DAGs
[2025-11-16T12:43:06.470+0000] {logging_mixin.py:188} INFO - [2025-11-16T12:43:06.470+0000] {dag.py:3834} INFO - Setting next_dagrun for oie_olympic_medal_counter_with_sensor to None, run_after=None
[2025-11-16T12:43:06.481+0000] {processor.py:183} INFO - Processing /opt/airflow/dags/hw_topic7_DAG_Oleksandr_Iesypenko.py took 0.046 seconds
[2025-11-16T12:43:37.115+0000] {processor.py:161} INFO - Started process (PID=292) to work on /opt/airflow/dags/hw_topic7_DAG_Oleksandr_Iesypenko.py
[2025-11-16T12:43:37.117+0000] {processor.py:830} INFO - Processing file /opt/airflow/dags/hw_topic7_DAG_Oleksandr_Iesypenko.py for tasks to queue
[2025-11-16T12:43:37.120+0000] {logging_mixin.py:188} INFO - [2025-11-16T12:43:37.120+0000] {dagbag.py:540} INFO - Filling up the DagBag from /opt/airflow/dags/hw_topic7_DAG_Oleksandr_Iesypenko.py
[2025-11-16T12:43:37.142+0000] {processor.py:840} INFO - DAG(s) 'oie_olympic_medal_counter_with_sensor' retrieved from /opt/airflow/dags/hw_topic7_DAG_Oleksandr_Iesypenko.py
[2025-11-16T12:43:37.156+0000] {logging_mixin.py:188} INFO - [2025-11-16T12:43:37.156+0000] {dag.py:3047} INFO - Sync 1 DAGs
[2025-11-16T12:43:37.162+0000] {logging_mixin.py:188} INFO - [2025-11-16T12:43:37.162+0000] {dag.py:3834} INFO - Setting next_dagrun for oie_olympic_medal_counter_with_sensor to None, run_after=None
[2025-11-16T12:43:37.171+0000] {processor.py:183} INFO - Processing /opt/airflow/dags/hw_topic7_DAG_Oleksandr_Iesypenko.py took 0.061 seconds
[2025-11-16T12:44:07.808+0000] {processor.py:161} INFO - Started process (PID=354) to work on /opt/airflow/dags/hw_topic7_DAG_Oleksandr_Iesypenko.py
[2025-11-16T12:44:07.810+0000] {processor.py:830} INFO - Processing file /opt/airflow/dags/hw_topic7_DAG_Oleksandr_Iesypenko.py for tasks to queue
[2025-11-16T12:44:07.812+0000] {logging_mixin.py:188} INFO - [2025-11-16T12:44:07.812+0000] {dagbag.py:540} INFO - Filling up the DagBag from /opt/airflow/dags/hw_topic7_DAG_Oleksandr_Iesypenko.py
[2025-11-16T12:44:07.826+0000] {processor.py:840} INFO - DAG(s) 'oie_olympic_medal_counter_with_sensor' retrieved from /opt/airflow/dags/hw_topic7_DAG_Oleksandr_Iesypenko.py
[2025-11-16T12:44:07.841+0000] {logging_mixin.py:188} INFO - [2025-11-16T12:44:07.841+0000] {dag.py:3047} INFO - Sync 1 DAGs
[2025-11-16T12:44:07.847+0000] {logging_mixin.py:188} INFO - [2025-11-16T12:44:07.847+0000] {dag.py:3834} INFO - Setting next_dagrun for oie_olympic_medal_counter_with_sensor to None, run_after=None
[2025-11-16T12:44:07.856+0000] {processor.py:183} INFO - Processing /opt/airflow/dags/hw_topic7_DAG_Oleksandr_Iesypenko.py took 0.052 seconds
[2025-11-16T12:44:38.609+0000] {processor.py:161} INFO - Started process (PID=416) to work on /opt/airflow/dags/hw_topic7_DAG_Oleksandr_Iesypenko.py
[2025-11-16T12:44:38.610+0000] {processor.py:830} INFO - Processing file /opt/airflow/dags/hw_topic7_DAG_Oleksandr_Iesypenko.py for tasks to queue
[2025-11-16T12:44:38.613+0000] {logging_mixin.py:188} INFO - [2025-11-16T12:44:38.612+0000] {dagbag.py:540} INFO - Filling up the DagBag from /opt/airflow/dags/hw_topic7_DAG_Oleksandr_Iesypenko.py
[2025-11-16T12:44:38.624+0000] {processor.py:840} INFO - DAG(s) 'oie_olympic_medal_counter_with_sensor' retrieved from /opt/airflow/dags/hw_topic7_DAG_Oleksandr_Iesypenko.py
[2025-11-16T12:44:38.640+0000] {logging_mixin.py:188} INFO - [2025-11-16T12:44:38.640+0000] {dag.py:3047} INFO - Sync 1 DAGs
[2025-11-16T12:44:38.647+0000] {logging_mixin.py:188} INFO - [2025-11-16T12:44:38.647+0000] {dag.py:3834} INFO - Setting next_dagrun for oie_olympic_medal_counter_with_sensor to None, run_after=None
[2025-11-16T12:44:38.657+0000] {processor.py:183} INFO - Processing /opt/airflow/dags/hw_topic7_DAG_Oleksandr_Iesypenko.py took 0.052 seconds
[2025-11-16T12:45:09.377+0000] {processor.py:161} INFO - Started process (PID=478) to work on /opt/airflow/dags/hw_topic7_DAG_Oleksandr_Iesypenko.py
[2025-11-16T12:45:09.378+0000] {processor.py:830} INFO - Processing file /opt/airflow/dags/hw_topic7_DAG_Oleksandr_Iesypenko.py for tasks to queue
[2025-11-16T12:45:09.381+0000] {logging_mixin.py:188} INFO - [2025-11-16T12:45:09.381+0000] {dagbag.py:540} INFO - Filling up the DagBag from /opt/airflow/dags/hw_topic7_DAG_Oleksandr_Iesypenko.py
[2025-11-16T12:45:09.402+0000] {processor.py:840} INFO - DAG(s) 'oie_olympic_medal_counter_with_sensor' retrieved from /opt/airflow/dags/hw_topic7_DAG_Oleksandr_Iesypenko.py
[2025-11-16T12:45:09.418+0000] {logging_mixin.py:188} INFO - [2025-11-16T12:45:09.418+0000] {dag.py:3047} INFO - Sync 1 DAGs
[2025-11-16T12:45:09.427+0000] {logging_mixin.py:188} INFO - [2025-11-16T12:45:09.427+0000] {dag.py:3834} INFO - Setting next_dagrun for oie_olympic_medal_counter_with_sensor to None, run_after=None
[2025-11-16T12:45:09.439+0000] {processor.py:183} INFO - Processing /opt/airflow/dags/hw_topic7_DAG_Oleksandr_Iesypenko.py took 0.064 seconds
[2025-11-16T12:45:40.138+0000] {processor.py:161} INFO - Started process (PID=540) to work on /opt/airflow/dags/hw_topic7_DAG_Oleksandr_Iesypenko.py
[2025-11-16T12:45:40.139+0000] {processor.py:830} INFO - Processing file /opt/airflow/dags/hw_topic7_DAG_Oleksandr_Iesypenko.py for tasks to queue
[2025-11-16T12:45:40.141+0000] {logging_mixin.py:188} INFO - [2025-11-16T12:45:40.141+0000] {dagbag.py:540} INFO - Filling up the DagBag from /opt/airflow/dags/hw_topic7_DAG_Oleksandr_Iesypenko.py
[2025-11-16T12:45:40.153+0000] {processor.py:840} INFO - DAG(s) 'oie_olympic_medal_counter_with_sensor' retrieved from /opt/airflow/dags/hw_topic7_DAG_Oleksandr_Iesypenko.py
[2025-11-16T12:45:40.165+0000] {logging_mixin.py:188} INFO - [2025-11-16T12:45:40.165+0000] {dag.py:3047} INFO - Sync 1 DAGs
[2025-11-16T12:45:40.171+0000] {logging_mixin.py:188} INFO - [2025-11-16T12:45:40.171+0000] {dag.py:3834} INFO - Setting next_dagrun for oie_olympic_medal_counter_with_sensor to None, run_after=None
[2025-11-16T12:45:40.181+0000] {processor.py:183} INFO - Processing /opt/airflow/dags/hw_topic7_DAG_Oleksandr_Iesypenko.py took 0.046 seconds
[2025-11-16T12:46:10.888+0000] {processor.py:161} INFO - Started process (PID=602) to work on /opt/airflow/dags/hw_topic7_DAG_Oleksandr_Iesypenko.py
[2025-11-16T12:46:10.890+0000] {processor.py:830} INFO - Processing file /opt/airflow/dags/hw_topic7_DAG_Oleksandr_Iesypenko.py for tasks to queue
[2025-11-16T12:46:10.892+0000] {logging_mixin.py:188} INFO - [2025-11-16T12:46:10.892+0000] {dagbag.py:540} INFO - Filling up the DagBag from /opt/airflow/dags/hw_topic7_DAG_Oleksandr_Iesypenko.py
[2025-11-16T12:46:10.908+0000] {processor.py:840} INFO - DAG(s) 'oie_olympic_medal_counter_with_sensor' retrieved from /opt/airflow/dags/hw_topic7_DAG_Oleksandr_Iesypenko.py
[2025-11-16T12:46:10.921+0000] {logging_mixin.py:188} INFO - [2025-11-16T12:46:10.921+0000] {dag.py:3047} INFO - Sync 1 DAGs
[2025-11-16T12:46:10.927+0000] {logging_mixin.py:188} INFO - [2025-11-16T12:46:10.927+0000] {dag.py:3834} INFO - Setting next_dagrun for oie_olympic_medal_counter_with_sensor to None, run_after=None
[2025-11-16T12:46:10.940+0000] {processor.py:183} INFO - Processing /opt/airflow/dags/hw_topic7_DAG_Oleksandr_Iesypenko.py took 0.055 seconds
[2025-11-16T12:46:41.508+0000] {processor.py:161} INFO - Started process (PID=664) to work on /opt/airflow/dags/hw_topic7_DAG_Oleksandr_Iesypenko.py
[2025-11-16T12:46:41.511+0000] {processor.py:830} INFO - Processing file /opt/airflow/dags/hw_topic7_DAG_Oleksandr_Iesypenko.py for tasks to queue
[2025-11-16T12:46:41.512+0000] {logging_mixin.py:188} INFO - [2025-11-16T12:46:41.512+0000] {dagbag.py:540} INFO - Filling up the DagBag from /opt/airflow/dags/hw_topic7_DAG_Oleksandr_Iesypenko.py
[2025-11-16T12:46:41.526+0000] {processor.py:840} INFO - DAG(s) 'oie_olympic_medal_counter_with_sensor' retrieved from /opt/airflow/dags/hw_topic7_DAG_Oleksandr_Iesypenko.py
[2025-11-16T12:46:41.543+0000] {logging_mixin.py:188} INFO - [2025-11-16T12:46:41.543+0000] {dag.py:3047} INFO - Sync 1 DAGs
[2025-11-16T12:46:41.552+0000] {logging_mixin.py:188} INFO - [2025-11-16T12:46:41.552+0000] {dag.py:3834} INFO - Setting next_dagrun for oie_olympic_medal_counter_with_sensor to None, run_after=None
[2025-11-16T12:46:41.564+0000] {processor.py:183} INFO - Processing /opt/airflow/dags/hw_topic7_DAG_Oleksandr_Iesypenko.py took 0.060 seconds
[2025-11-16T12:47:11.656+0000] {processor.py:161} INFO - Started process (PID=725) to work on /opt/airflow/dags/hw_topic7_DAG_Oleksandr_Iesypenko.py
[2025-11-16T12:47:11.658+0000] {processor.py:830} INFO - Processing file /opt/airflow/dags/hw_topic7_DAG_Oleksandr_Iesypenko.py for tasks to queue
[2025-11-16T12:47:11.660+0000] {logging_mixin.py:188} INFO - [2025-11-16T12:47:11.660+0000] {dagbag.py:540} INFO - Filling up the DagBag from /opt/airflow/dags/hw_topic7_DAG_Oleksandr_Iesypenko.py
[2025-11-16T12:47:11.671+0000] {processor.py:840} INFO - DAG(s) 'oie_olympic_medal_counter_with_sensor' retrieved from /opt/airflow/dags/hw_topic7_DAG_Oleksandr_Iesypenko.py
[2025-11-16T12:47:11.687+0000] {logging_mixin.py:188} INFO - [2025-11-16T12:47:11.687+0000] {dag.py:3047} INFO - Sync 1 DAGs
[2025-11-16T12:47:11.693+0000] {logging_mixin.py:188} INFO - [2025-11-16T12:47:11.693+0000] {dag.py:3834} INFO - Setting next_dagrun for oie_olympic_medal_counter_with_sensor to None, run_after=None
[2025-11-16T12:47:11.703+0000] {processor.py:183} INFO - Processing /opt/airflow/dags/hw_topic7_DAG_Oleksandr_Iesypenko.py took 0.052 seconds
[2025-11-16T12:47:41.727+0000] {processor.py:161} INFO - Started process (PID=787) to work on /opt/airflow/dags/hw_topic7_DAG_Oleksandr_Iesypenko.py
[2025-11-16T12:47:41.728+0000] {processor.py:830} INFO - Processing file /opt/airflow/dags/hw_topic7_DAG_Oleksandr_Iesypenko.py for tasks to queue
[2025-11-16T12:47:41.730+0000] {logging_mixin.py:188} INFO - [2025-11-16T12:47:41.729+0000] {dagbag.py:540} INFO - Filling up the DagBag from /opt/airflow/dags/hw_topic7_DAG_Oleksandr_Iesypenko.py
[2025-11-16T12:47:41.745+0000] {processor.py:840} INFO - DAG(s) 'oie_olympic_medal_counter_with_sensor' retrieved from /opt/airflow/dags/hw_topic7_DAG_Oleksandr_Iesypenko.py
[2025-11-16T12:47:41.756+0000] {logging_mixin.py:188} INFO - [2025-11-16T12:47:41.756+0000] {dag.py:3047} INFO - Sync 1 DAGs
[2025-11-16T12:47:41.761+0000] {logging_mixin.py:188} INFO - [2025-11-16T12:47:41.761+0000] {dag.py:3834} INFO - Setting next_dagrun for oie_olympic_medal_counter_with_sensor to None, run_after=None
[2025-11-16T12:47:41.769+0000] {processor.py:183} INFO - Processing /opt/airflow/dags/hw_topic7_DAG_Oleksandr_Iesypenko.py took 0.045 seconds
[2025-11-16T12:48:12.522+0000] {processor.py:161} INFO - Started process (PID=849) to work on /opt/airflow/dags/hw_topic7_DAG_Oleksandr_Iesypenko.py
[2025-11-16T12:48:12.523+0000] {processor.py:830} INFO - Processing file /opt/airflow/dags/hw_topic7_DAG_Oleksandr_Iesypenko.py for tasks to queue
[2025-11-16T12:48:12.524+0000] {logging_mixin.py:188} INFO - [2025-11-16T12:48:12.524+0000] {dagbag.py:540} INFO - Filling up the DagBag from /opt/airflow/dags/hw_topic7_DAG_Oleksandr_Iesypenko.py
[2025-11-16T12:48:12.533+0000] {processor.py:840} INFO - DAG(s) 'oie_olympic_medal_counter_with_sensor' retrieved from /opt/airflow/dags/hw_topic7_DAG_Oleksandr_Iesypenko.py
[2025-11-16T12:48:12.546+0000] {logging_mixin.py:188} INFO - [2025-11-16T12:48:12.546+0000] {dag.py:3047} INFO - Sync 1 DAGs
[2025-11-16T12:48:12.551+0000] {logging_mixin.py:188} INFO - [2025-11-16T12:48:12.551+0000] {dag.py:3834} INFO - Setting next_dagrun for oie_olympic_medal_counter_with_sensor to None, run_after=None
[2025-11-16T12:48:12.562+0000] {processor.py:183} INFO - Processing /opt/airflow/dags/hw_topic7_DAG_Oleksandr_Iesypenko.py took 0.043 seconds
[2025-11-16T12:48:43.216+0000] {processor.py:161} INFO - Started process (PID=911) to work on /opt/airflow/dags/hw_topic7_DAG_Oleksandr_Iesypenko.py
[2025-11-16T12:48:43.216+0000] {processor.py:830} INFO - Processing file /opt/airflow/dags/hw_topic7_DAG_Oleksandr_Iesypenko.py for tasks to queue
[2025-11-16T12:48:43.219+0000] {logging_mixin.py:188} INFO - [2025-11-16T12:48:43.218+0000] {dagbag.py:540} INFO - Filling up the DagBag from /opt/airflow/dags/hw_topic7_DAG_Oleksandr_Iesypenko.py
[2025-11-16T12:48:43.233+0000] {processor.py:840} INFO - DAG(s) 'oie_olympic_medal_counter_with_sensor' retrieved from /opt/airflow/dags/hw_topic7_DAG_Oleksandr_Iesypenko.py
[2025-11-16T12:48:43.247+0000] {logging_mixin.py:188} INFO - [2025-11-16T12:48:43.247+0000] {dag.py:3047} INFO - Sync 1 DAGs
[2025-11-16T12:48:43.253+0000] {logging_mixin.py:188} INFO - [2025-11-16T12:48:43.253+0000] {dag.py:3834} INFO - Setting next_dagrun for oie_olympic_medal_counter_with_sensor to None, run_after=None
[2025-11-16T12:48:43.268+0000] {processor.py:183} INFO - Processing /opt/airflow/dags/hw_topic7_DAG_Oleksandr_Iesypenko.py took 0.056 seconds
[2025-11-16T12:49:13.908+0000] {processor.py:161} INFO - Started process (PID=973) to work on /opt/airflow/dags/hw_topic7_DAG_Oleksandr_Iesypenko.py
[2025-11-16T12:49:13.909+0000] {processor.py:830} INFO - Processing file /opt/airflow/dags/hw_topic7_DAG_Oleksandr_Iesypenko.py for tasks to queue
[2025-11-16T12:49:13.911+0000] {logging_mixin.py:188} INFO - [2025-11-16T12:49:13.911+0000] {dagbag.py:540} INFO - Filling up the DagBag from /opt/airflow/dags/hw_topic7_DAG_Oleksandr_Iesypenko.py
[2025-11-16T12:49:13.924+0000] {processor.py:840} INFO - DAG(s) 'oie_olympic_medal_counter_with_sensor' retrieved from /opt/airflow/dags/hw_topic7_DAG_Oleksandr_Iesypenko.py
[2025-11-16T12:49:13.940+0000] {logging_mixin.py:188} INFO - [2025-11-16T12:49:13.940+0000] {dag.py:3047} INFO - Sync 1 DAGs
[2025-11-16T12:49:13.947+0000] {logging_mixin.py:188} INFO - [2025-11-16T12:49:13.947+0000] {dag.py:3834} INFO - Setting next_dagrun for oie_olympic_medal_counter_with_sensor to None, run_after=None
[2025-11-16T12:49:13.958+0000] {processor.py:183} INFO - Processing /opt/airflow/dags/hw_topic7_DAG_Oleksandr_Iesypenko.py took 0.053 seconds
[2025-11-16T12:49:44.688+0000] {processor.py:161} INFO - Started process (PID=1035) to work on /opt/airflow/dags/hw_topic7_DAG_Oleksandr_Iesypenko.py
[2025-11-16T12:49:44.689+0000] {processor.py:830} INFO - Processing file /opt/airflow/dags/hw_topic7_DAG_Oleksandr_Iesypenko.py for tasks to queue
[2025-11-16T12:49:44.693+0000] {logging_mixin.py:188} INFO - [2025-11-16T12:49:44.693+0000] {dagbag.py:540} INFO - Filling up the DagBag from /opt/airflow/dags/hw_topic7_DAG_Oleksandr_Iesypenko.py
[2025-11-16T12:49:44.701+0000] {processor.py:840} INFO - DAG(s) 'oie_olympic_medal_counter_with_sensor' retrieved from /opt/airflow/dags/hw_topic7_DAG_Oleksandr_Iesypenko.py
[2025-11-16T12:49:44.715+0000] {logging_mixin.py:188} INFO - [2025-11-16T12:49:44.714+0000] {dag.py:3047} INFO - Sync 1 DAGs
[2025-11-16T12:49:44.721+0000] {logging_mixin.py:188} INFO - [2025-11-16T12:49:44.721+0000] {dag.py:3834} INFO - Setting next_dagrun for oie_olympic_medal_counter_with_sensor to None, run_after=None
[2025-11-16T12:49:44.730+0000] {processor.py:183} INFO - Processing /opt/airflow/dags/hw_topic7_DAG_Oleksandr_Iesypenko.py took 0.047 seconds
[2025-11-16T12:50:15.343+0000] {processor.py:161} INFO - Started process (PID=1097) to work on /opt/airflow/dags/hw_topic7_DAG_Oleksandr_Iesypenko.py
[2025-11-16T12:50:15.343+0000] {processor.py:830} INFO - Processing file /opt/airflow/dags/hw_topic7_DAG_Oleksandr_Iesypenko.py for tasks to queue
[2025-11-16T12:50:15.344+0000] {logging_mixin.py:188} INFO - [2025-11-16T12:50:15.344+0000] {dagbag.py:540} INFO - Filling up the DagBag from /opt/airflow/dags/hw_topic7_DAG_Oleksandr_Iesypenko.py
[2025-11-16T12:50:15.352+0000] {processor.py:840} INFO - DAG(s) 'oie_olympic_medal_counter_with_sensor' retrieved from /opt/airflow/dags/hw_topic7_DAG_Oleksandr_Iesypenko.py
[2025-11-16T12:50:15.366+0000] {logging_mixin.py:188} INFO - [2025-11-16T12:50:15.365+0000] {dag.py:3047} INFO - Sync 1 DAGs
[2025-11-16T12:50:15.371+0000] {logging_mixin.py:188} INFO - [2025-11-16T12:50:15.371+0000] {dag.py:3834} INFO - Setting next_dagrun for oie_olympic_medal_counter_with_sensor to None, run_after=None
[2025-11-16T12:50:15.383+0000] {processor.py:183} INFO - Processing /opt/airflow/dags/hw_topic7_DAG_Oleksandr_Iesypenko.py took 0.043 seconds
[2025-11-16T12:50:46.040+0000] {processor.py:161} INFO - Started process (PID=1159) to work on /opt/airflow/dags/hw_topic7_DAG_Oleksandr_Iesypenko.py
[2025-11-16T12:50:46.041+0000] {processor.py:830} INFO - Processing file /opt/airflow/dags/hw_topic7_DAG_Oleksandr_Iesypenko.py for tasks to queue
[2025-11-16T12:50:46.043+0000] {logging_mixin.py:188} INFO - [2025-11-16T12:50:46.043+0000] {dagbag.py:540} INFO - Filling up the DagBag from /opt/airflow/dags/hw_topic7_DAG_Oleksandr_Iesypenko.py
[2025-11-16T12:50:46.055+0000] {processor.py:840} INFO - DAG(s) 'oie_olympic_medal_counter_with_sensor' retrieved from /opt/airflow/dags/hw_topic7_DAG_Oleksandr_Iesypenko.py
[2025-11-16T12:50:46.067+0000] {logging_mixin.py:188} INFO - [2025-11-16T12:50:46.067+0000] {dag.py:3047} INFO - Sync 1 DAGs
[2025-11-16T12:50:46.073+0000] {logging_mixin.py:188} INFO - [2025-11-16T12:50:46.073+0000] {dag.py:3834} INFO - Setting next_dagrun for oie_olympic_medal_counter_with_sensor to None, run_after=None
[2025-11-16T12:50:46.086+0000] {processor.py:183} INFO - Processing /opt/airflow/dags/hw_topic7_DAG_Oleksandr_Iesypenko.py took 0.048 seconds
[2025-11-16T12:51:16.192+0000] {processor.py:161} INFO - Started process (PID=1221) to work on /opt/airflow/dags/hw_topic7_DAG_Oleksandr_Iesypenko.py
[2025-11-16T12:51:16.193+0000] {processor.py:830} INFO - Processing file /opt/airflow/dags/hw_topic7_DAG_Oleksandr_Iesypenko.py for tasks to queue
[2025-11-16T12:51:16.195+0000] {logging_mixin.py:188} INFO - [2025-11-16T12:51:16.195+0000] {dagbag.py:540} INFO - Filling up the DagBag from /opt/airflow/dags/hw_topic7_DAG_Oleksandr_Iesypenko.py
[2025-11-16T12:51:16.206+0000] {processor.py:840} INFO - DAG(s) 'oie_olympic_medal_counter_with_sensor' retrieved from /opt/airflow/dags/hw_topic7_DAG_Oleksandr_Iesypenko.py
[2025-11-16T12:51:16.225+0000] {logging_mixin.py:188} INFO - [2025-11-16T12:51:16.225+0000] {dag.py:3047} INFO - Sync 1 DAGs
[2025-11-16T12:51:16.232+0000] {logging_mixin.py:188} INFO - [2025-11-16T12:51:16.231+0000] {dag.py:3834} INFO - Setting next_dagrun for oie_olympic_medal_counter_with_sensor to None, run_after=None
[2025-11-16T12:51:16.244+0000] {processor.py:183} INFO - Processing /opt/airflow/dags/hw_topic7_DAG_Oleksandr_Iesypenko.py took 0.056 seconds
[2025-11-16T12:51:47.169+0000] {processor.py:161} INFO - Started process (PID=1283) to work on /opt/airflow/dags/hw_topic7_DAG_Oleksandr_Iesypenko.py
[2025-11-16T12:51:47.170+0000] {processor.py:830} INFO - Processing file /opt/airflow/dags/hw_topic7_DAG_Oleksandr_Iesypenko.py for tasks to queue
[2025-11-16T12:51:47.173+0000] {logging_mixin.py:188} INFO - [2025-11-16T12:51:47.172+0000] {dagbag.py:540} INFO - Filling up the DagBag from /opt/airflow/dags/hw_topic7_DAG_Oleksandr_Iesypenko.py
[2025-11-16T12:51:47.184+0000] {processor.py:840} INFO - DAG(s) 'oie_olympic_medal_counter_with_sensor' retrieved from /opt/airflow/dags/hw_topic7_DAG_Oleksandr_Iesypenko.py
[2025-11-16T12:51:47.198+0000] {logging_mixin.py:188} INFO - [2025-11-16T12:51:47.198+0000] {dag.py:3047} INFO - Sync 1 DAGs
[2025-11-16T12:51:47.204+0000] {logging_mixin.py:188} INFO - [2025-11-16T12:51:47.204+0000] {dag.py:3834} INFO - Setting next_dagrun for oie_olympic_medal_counter_with_sensor to None, run_after=None
[2025-11-16T12:51:47.214+0000] {processor.py:183} INFO - Processing /opt/airflow/dags/hw_topic7_DAG_Oleksandr_Iesypenko.py took 0.048 seconds
[2025-11-16T12:56:35.267+0000] {processor.py:161} INFO - Started process (PID=1888) to work on /opt/airflow/dags/hw_topic7_DAG_Oleksandr_Iesypenko.py
[2025-11-16T12:56:35.268+0000] {processor.py:830} INFO - Processing file /opt/airflow/dags/hw_topic7_DAG_Oleksandr_Iesypenko.py for tasks to queue
[2025-11-16T12:56:35.268+0000] {logging_mixin.py:188} INFO - [2025-11-16T12:56:35.268+0000] {dagbag.py:540} INFO - Filling up the DagBag from /opt/airflow/dags/hw_topic7_DAG_Oleksandr_Iesypenko.py
[2025-11-16T12:56:35.275+0000] {logging_mixin.py:188} INFO - [2025-11-16T12:56:35.275+0000] {dagbag.py:350} ERROR - Failed to import: /opt/airflow/dags/hw_topic7_DAG_Oleksandr_Iesypenko.py
Traceback (most recent call last):
  File "/home/airflow/.local/lib/python3.8/site-packages/airflow/models/dagbag.py", line 346, in parse
    loader.exec_module(new_module)
  File "<frozen importlib._bootstrap_external>", line 843, in exec_module
  File "<frozen importlib._bootstrap>", line 219, in _call_with_frames_removed
  File "/opt/airflow/dags/hw_topic7_DAG_Oleksandr_Iesypenko.py", line 178, in <module>
    count_bronze = _create_count_insert_operator(medal_type='Bronze')
  File "/opt/airflow/dags/hw_topic7_DAG_Oleksandr_Iesypenko.py", line 87, in _create_count_insert_operator
    postgres_conn_id=conn_id,
NameError: name 'conn_id' is not defined
[2025-11-16T12:56:35.275+0000] {processor.py:842} WARNING - No viable dags retrieved from /opt/airflow/dags/hw_topic7_DAG_Oleksandr_Iesypenko.py
[2025-11-16T12:56:35.285+0000] {processor.py:183} INFO - Processing /opt/airflow/dags/hw_topic7_DAG_Oleksandr_Iesypenko.py took 0.019 seconds
[2025-11-16T12:57:06.064+0000] {processor.py:161} INFO - Started process (PID=1950) to work on /opt/airflow/dags/hw_topic7_DAG_Oleksandr_Iesypenko.py
[2025-11-16T12:57:06.065+0000] {processor.py:830} INFO - Processing file /opt/airflow/dags/hw_topic7_DAG_Oleksandr_Iesypenko.py for tasks to queue
[2025-11-16T12:57:06.066+0000] {logging_mixin.py:188} INFO - [2025-11-16T12:57:06.066+0000] {dagbag.py:540} INFO - Filling up the DagBag from /opt/airflow/dags/hw_topic7_DAG_Oleksandr_Iesypenko.py
[2025-11-16T12:57:06.077+0000] {logging_mixin.py:188} INFO - [2025-11-16T12:57:06.075+0000] {dagbag.py:350} ERROR - Failed to import: /opt/airflow/dags/hw_topic7_DAG_Oleksandr_Iesypenko.py
Traceback (most recent call last):
  File "/home/airflow/.local/lib/python3.8/site-packages/airflow/models/dagbag.py", line 346, in parse
    loader.exec_module(new_module)
  File "<frozen importlib._bootstrap_external>", line 843, in exec_module
  File "<frozen importlib._bootstrap>", line 219, in _call_with_frames_removed
  File "/opt/airflow/dags/hw_topic7_DAG_Oleksandr_Iesypenko.py", line 178, in <module>
    count_bronze = _create_count_insert_operator(medal_type='Bronze')
  File "/opt/airflow/dags/hw_topic7_DAG_Oleksandr_Iesypenko.py", line 87, in _create_count_insert_operator
    postgres_conn_id=conn_id,
NameError: name 'conn_id' is not defined
[2025-11-16T12:57:06.077+0000] {processor.py:842} WARNING - No viable dags retrieved from /opt/airflow/dags/hw_topic7_DAG_Oleksandr_Iesypenko.py
[2025-11-16T12:57:06.092+0000] {processor.py:183} INFO - Processing /opt/airflow/dags/hw_topic7_DAG_Oleksandr_Iesypenko.py took 0.034 seconds
[2025-11-16T12:57:36.844+0000] {processor.py:161} INFO - Started process (PID=2012) to work on /opt/airflow/dags/hw_topic7_DAG_Oleksandr_Iesypenko.py
[2025-11-16T12:57:36.845+0000] {processor.py:830} INFO - Processing file /opt/airflow/dags/hw_topic7_DAG_Oleksandr_Iesypenko.py for tasks to queue
[2025-11-16T12:57:36.846+0000] {logging_mixin.py:188} INFO - [2025-11-16T12:57:36.846+0000] {dagbag.py:540} INFO - Filling up the DagBag from /opt/airflow/dags/hw_topic7_DAG_Oleksandr_Iesypenko.py
[2025-11-16T12:57:36.855+0000] {logging_mixin.py:188} INFO - [2025-11-16T12:57:36.854+0000] {dagbag.py:350} ERROR - Failed to import: /opt/airflow/dags/hw_topic7_DAG_Oleksandr_Iesypenko.py
Traceback (most recent call last):
  File "/home/airflow/.local/lib/python3.8/site-packages/airflow/models/dagbag.py", line 346, in parse
    loader.exec_module(new_module)
  File "<frozen importlib._bootstrap_external>", line 843, in exec_module
  File "<frozen importlib._bootstrap>", line 219, in _call_with_frames_removed
  File "/opt/airflow/dags/hw_topic7_DAG_Oleksandr_Iesypenko.py", line 178, in <module>
    count_bronze = _create_count_insert_operator(medal_type='Bronze')
  File "/opt/airflow/dags/hw_topic7_DAG_Oleksandr_Iesypenko.py", line 87, in _create_count_insert_operator
    postgres_conn_id=conn_id,
NameError: name 'conn_id' is not defined
[2025-11-16T12:57:36.855+0000] {processor.py:842} WARNING - No viable dags retrieved from /opt/airflow/dags/hw_topic7_DAG_Oleksandr_Iesypenko.py
[2025-11-16T12:57:36.869+0000] {processor.py:183} INFO - Processing /opt/airflow/dags/hw_topic7_DAG_Oleksandr_Iesypenko.py took 0.028 seconds
[2025-11-16T12:58:07.507+0000] {processor.py:161} INFO - Started process (PID=2074) to work on /opt/airflow/dags/hw_topic7_DAG_Oleksandr_Iesypenko.py
[2025-11-16T12:58:07.509+0000] {processor.py:830} INFO - Processing file /opt/airflow/dags/hw_topic7_DAG_Oleksandr_Iesypenko.py for tasks to queue
[2025-11-16T12:58:07.510+0000] {logging_mixin.py:188} INFO - [2025-11-16T12:58:07.509+0000] {dagbag.py:540} INFO - Filling up the DagBag from /opt/airflow/dags/hw_topic7_DAG_Oleksandr_Iesypenko.py
[2025-11-16T12:58:07.518+0000] {logging_mixin.py:188} INFO - [2025-11-16T12:58:07.517+0000] {dagbag.py:350} ERROR - Failed to import: /opt/airflow/dags/hw_topic7_DAG_Oleksandr_Iesypenko.py
Traceback (most recent call last):
  File "/home/airflow/.local/lib/python3.8/site-packages/airflow/models/dagbag.py", line 346, in parse
    loader.exec_module(new_module)
  File "<frozen importlib._bootstrap_external>", line 843, in exec_module
  File "<frozen importlib._bootstrap>", line 219, in _call_with_frames_removed
  File "/opt/airflow/dags/hw_topic7_DAG_Oleksandr_Iesypenko.py", line 178, in <module>
    count_bronze = _create_count_insert_operator(medal_type='Bronze')
  File "/opt/airflow/dags/hw_topic7_DAG_Oleksandr_Iesypenko.py", line 87, in _create_count_insert_operator
    postgres_conn_id=conn_id,
NameError: name 'conn_id' is not defined
[2025-11-16T12:58:07.519+0000] {processor.py:842} WARNING - No viable dags retrieved from /opt/airflow/dags/hw_topic7_DAG_Oleksandr_Iesypenko.py
[2025-11-16T12:58:07.532+0000] {processor.py:183} INFO - Processing /opt/airflow/dags/hw_topic7_DAG_Oleksandr_Iesypenko.py took 0.028 seconds
[2025-11-16T12:58:21.634+0000] {processor.py:161} INFO - Started process (PID=2081) to work on /opt/airflow/dags/hw_topic7_DAG_Oleksandr_Iesypenko.py
[2025-11-16T12:58:21.635+0000] {processor.py:830} INFO - Processing file /opt/airflow/dags/hw_topic7_DAG_Oleksandr_Iesypenko.py for tasks to queue
[2025-11-16T12:58:21.637+0000] {logging_mixin.py:188} INFO - [2025-11-16T12:58:21.637+0000] {dagbag.py:540} INFO - Filling up the DagBag from /opt/airflow/dags/hw_topic7_DAG_Oleksandr_Iesypenko.py
[2025-11-16T12:58:21.650+0000] {logging_mixin.py:188} INFO - [2025-11-16T12:58:21.649+0000] {dagbag.py:350} ERROR - Failed to import: /opt/airflow/dags/hw_topic7_DAG_Oleksandr_Iesypenko.py
Traceback (most recent call last):
  File "/home/airflow/.local/lib/python3.8/site-packages/airflow/models/dagbag.py", line 346, in parse
    loader.exec_module(new_module)
  File "<frozen importlib._bootstrap_external>", line 843, in exec_module
  File "<frozen importlib._bootstrap>", line 219, in _call_with_frames_removed
  File "/opt/airflow/dags/hw_topic7_DAG_Oleksandr_Iesypenko.py", line 176, in <module>
    count_bronze = _create_count_insert_operator(
TypeError: _create_count_insert_operator() got an unexpected keyword argument 'conn_id'
[2025-11-16T12:58:21.651+0000] {processor.py:842} WARNING - No viable dags retrieved from /opt/airflow/dags/hw_topic7_DAG_Oleksandr_Iesypenko.py
[2025-11-16T12:58:21.666+0000] {processor.py:183} INFO - Processing /opt/airflow/dags/hw_topic7_DAG_Oleksandr_Iesypenko.py took 0.036 seconds
[2025-11-16T12:58:52.305+0000] {processor.py:161} INFO - Started process (PID=2143) to work on /opt/airflow/dags/hw_topic7_DAG_Oleksandr_Iesypenko.py
[2025-11-16T12:58:52.306+0000] {processor.py:830} INFO - Processing file /opt/airflow/dags/hw_topic7_DAG_Oleksandr_Iesypenko.py for tasks to queue
[2025-11-16T12:58:52.307+0000] {logging_mixin.py:188} INFO - [2025-11-16T12:58:52.307+0000] {dagbag.py:540} INFO - Filling up the DagBag from /opt/airflow/dags/hw_topic7_DAG_Oleksandr_Iesypenko.py
[2025-11-16T12:58:52.319+0000] {logging_mixin.py:188} INFO - [2025-11-16T12:58:52.318+0000] {dagbag.py:350} ERROR - Failed to import: /opt/airflow/dags/hw_topic7_DAG_Oleksandr_Iesypenko.py
Traceback (most recent call last):
  File "/home/airflow/.local/lib/python3.8/site-packages/airflow/models/dagbag.py", line 346, in parse
    loader.exec_module(new_module)
  File "<frozen importlib._bootstrap_external>", line 843, in exec_module
  File "<frozen importlib._bootstrap>", line 219, in _call_with_frames_removed
  File "/opt/airflow/dags/hw_topic7_DAG_Oleksandr_Iesypenko.py", line 176, in <module>
    count_bronze = _create_count_insert_operator(
TypeError: _create_count_insert_operator() got an unexpected keyword argument 'conn_id'
[2025-11-16T12:58:52.320+0000] {processor.py:842} WARNING - No viable dags retrieved from /opt/airflow/dags/hw_topic7_DAG_Oleksandr_Iesypenko.py
[2025-11-16T12:58:52.335+0000] {processor.py:183} INFO - Processing /opt/airflow/dags/hw_topic7_DAG_Oleksandr_Iesypenko.py took 0.035 seconds
[2025-11-16T12:59:23.122+0000] {processor.py:161} INFO - Started process (PID=2205) to work on /opt/airflow/dags/hw_topic7_DAG_Oleksandr_Iesypenko.py
[2025-11-16T12:59:23.123+0000] {processor.py:830} INFO - Processing file /opt/airflow/dags/hw_topic7_DAG_Oleksandr_Iesypenko.py for tasks to queue
[2025-11-16T12:59:23.123+0000] {logging_mixin.py:188} INFO - [2025-11-16T12:59:23.123+0000] {dagbag.py:540} INFO - Filling up the DagBag from /opt/airflow/dags/hw_topic7_DAG_Oleksandr_Iesypenko.py
[2025-11-16T12:59:23.132+0000] {logging_mixin.py:188} INFO - [2025-11-16T12:59:23.131+0000] {dagbag.py:350} ERROR - Failed to import: /opt/airflow/dags/hw_topic7_DAG_Oleksandr_Iesypenko.py
Traceback (most recent call last):
  File "/home/airflow/.local/lib/python3.8/site-packages/airflow/models/dagbag.py", line 346, in parse
    loader.exec_module(new_module)
  File "<frozen importlib._bootstrap_external>", line 843, in exec_module
  File "<frozen importlib._bootstrap>", line 219, in _call_with_frames_removed
  File "/opt/airflow/dags/hw_topic7_DAG_Oleksandr_Iesypenko.py", line 176, in <module>
    count_bronze = _create_count_insert_operator(
TypeError: _create_count_insert_operator() got an unexpected keyword argument 'conn_id'
[2025-11-16T12:59:23.132+0000] {processor.py:842} WARNING - No viable dags retrieved from /opt/airflow/dags/hw_topic7_DAG_Oleksandr_Iesypenko.py
[2025-11-16T12:59:23.146+0000] {processor.py:183} INFO - Processing /opt/airflow/dags/hw_topic7_DAG_Oleksandr_Iesypenko.py took 0.027 seconds
[2025-11-16T12:59:53.744+0000] {processor.py:161} INFO - Started process (PID=2267) to work on /opt/airflow/dags/hw_topic7_DAG_Oleksandr_Iesypenko.py
[2025-11-16T12:59:53.745+0000] {processor.py:830} INFO - Processing file /opt/airflow/dags/hw_topic7_DAG_Oleksandr_Iesypenko.py for tasks to queue
[2025-11-16T12:59:53.747+0000] {logging_mixin.py:188} INFO - [2025-11-16T12:59:53.746+0000] {dagbag.py:540} INFO - Filling up the DagBag from /opt/airflow/dags/hw_topic7_DAG_Oleksandr_Iesypenko.py
[2025-11-16T12:59:53.755+0000] {logging_mixin.py:188} INFO - [2025-11-16T12:59:53.755+0000] {dagbag.py:350} ERROR - Failed to import: /opt/airflow/dags/hw_topic7_DAG_Oleksandr_Iesypenko.py
Traceback (most recent call last):
  File "/home/airflow/.local/lib/python3.8/site-packages/airflow/models/dagbag.py", line 346, in parse
    loader.exec_module(new_module)
  File "<frozen importlib._bootstrap_external>", line 843, in exec_module
  File "<frozen importlib._bootstrap>", line 219, in _call_with_frames_removed
  File "/opt/airflow/dags/hw_topic7_DAG_Oleksandr_Iesypenko.py", line 176, in <module>
    count_bronze = _create_count_insert_operator(
TypeError: _create_count_insert_operator() got an unexpected keyword argument 'conn_id'
[2025-11-16T12:59:53.756+0000] {processor.py:842} WARNING - No viable dags retrieved from /opt/airflow/dags/hw_topic7_DAG_Oleksandr_Iesypenko.py
[2025-11-16T12:59:53.768+0000] {processor.py:183} INFO - Processing /opt/airflow/dags/hw_topic7_DAG_Oleksandr_Iesypenko.py took 0.028 seconds
[2025-11-16T13:00:24.477+0000] {processor.py:161} INFO - Started process (PID=2329) to work on /opt/airflow/dags/hw_topic7_DAG_Oleksandr_Iesypenko.py
[2025-11-16T13:00:24.478+0000] {processor.py:830} INFO - Processing file /opt/airflow/dags/hw_topic7_DAG_Oleksandr_Iesypenko.py for tasks to queue
[2025-11-16T13:00:24.479+0000] {logging_mixin.py:188} INFO - [2025-11-16T13:00:24.479+0000] {dagbag.py:540} INFO - Filling up the DagBag from /opt/airflow/dags/hw_topic7_DAG_Oleksandr_Iesypenko.py
[2025-11-16T13:00:24.486+0000] {logging_mixin.py:188} INFO - [2025-11-16T13:00:24.485+0000] {dagbag.py:350} ERROR - Failed to import: /opt/airflow/dags/hw_topic7_DAG_Oleksandr_Iesypenko.py
Traceback (most recent call last):
  File "/home/airflow/.local/lib/python3.8/site-packages/airflow/models/dagbag.py", line 346, in parse
    loader.exec_module(new_module)
  File "<frozen importlib._bootstrap_external>", line 843, in exec_module
  File "<frozen importlib._bootstrap>", line 219, in _call_with_frames_removed
  File "/opt/airflow/dags/hw_topic7_DAG_Oleksandr_Iesypenko.py", line 176, in <module>
    count_bronze = _create_count_insert_operator(
TypeError: _create_count_insert_operator() got an unexpected keyword argument 'conn_id'
[2025-11-16T13:00:24.486+0000] {processor.py:842} WARNING - No viable dags retrieved from /opt/airflow/dags/hw_topic7_DAG_Oleksandr_Iesypenko.py
[2025-11-16T13:00:24.497+0000] {processor.py:183} INFO - Processing /opt/airflow/dags/hw_topic7_DAG_Oleksandr_Iesypenko.py took 0.023 seconds
[2025-11-16T13:00:42.132+0000] {processor.py:161} INFO - Started process (PID=2391) to work on /opt/airflow/dags/hw_topic7_DAG_Oleksandr_Iesypenko.py
[2025-11-16T13:00:42.133+0000] {processor.py:830} INFO - Processing file /opt/airflow/dags/hw_topic7_DAG_Oleksandr_Iesypenko.py for tasks to queue
[2025-11-16T13:00:42.134+0000] {logging_mixin.py:188} INFO - [2025-11-16T13:00:42.134+0000] {dagbag.py:540} INFO - Filling up the DagBag from /opt/airflow/dags/hw_topic7_DAG_Oleksandr_Iesypenko.py
[2025-11-16T13:00:42.151+0000] {processor.py:840} INFO - DAG(s) 'oie_olympic_medal_counter_with_sensor' retrieved from /opt/airflow/dags/hw_topic7_DAG_Oleksandr_Iesypenko.py
[2025-11-16T13:00:42.201+0000] {logging_mixin.py:188} INFO - [2025-11-16T13:00:42.201+0000] {dag.py:3047} INFO - Sync 1 DAGs
[2025-11-16T13:00:42.269+0000] {logging_mixin.py:188} INFO - [2025-11-16T13:00:42.269+0000] {dag.py:3834} INFO - Setting next_dagrun for oie_olympic_medal_counter_with_sensor to None, run_after=None
[2025-11-16T13:00:42.278+0000] {processor.py:183} INFO - Processing /opt/airflow/dags/hw_topic7_DAG_Oleksandr_Iesypenko.py took 0.149 seconds
[2025-11-16T13:01:12.890+0000] {processor.py:161} INFO - Started process (PID=2453) to work on /opt/airflow/dags/hw_topic7_DAG_Oleksandr_Iesypenko.py
[2025-11-16T13:01:12.892+0000] {processor.py:830} INFO - Processing file /opt/airflow/dags/hw_topic7_DAG_Oleksandr_Iesypenko.py for tasks to queue
[2025-11-16T13:01:12.893+0000] {logging_mixin.py:188} INFO - [2025-11-16T13:01:12.893+0000] {dagbag.py:540} INFO - Filling up the DagBag from /opt/airflow/dags/hw_topic7_DAG_Oleksandr_Iesypenko.py
[2025-11-16T13:01:12.906+0000] {processor.py:840} INFO - DAG(s) 'oie_olympic_medal_counter_with_sensor' retrieved from /opt/airflow/dags/hw_topic7_DAG_Oleksandr_Iesypenko.py
[2025-11-16T13:01:12.923+0000] {logging_mixin.py:188} INFO - [2025-11-16T13:01:12.923+0000] {dag.py:3047} INFO - Sync 1 DAGs
[2025-11-16T13:01:12.929+0000] {logging_mixin.py:188} INFO - [2025-11-16T13:01:12.929+0000] {dag.py:3834} INFO - Setting next_dagrun for oie_olympic_medal_counter_with_sensor to None, run_after=None
[2025-11-16T13:01:12.938+0000] {processor.py:183} INFO - Processing /opt/airflow/dags/hw_topic7_DAG_Oleksandr_Iesypenko.py took 0.052 seconds
[2025-11-16T13:01:20.968+0000] {processor.py:161} INFO - Started process (PID=2454) to work on /opt/airflow/dags/hw_topic7_DAG_Oleksandr_Iesypenko.py
[2025-11-16T13:01:20.970+0000] {processor.py:830} INFO - Processing file /opt/airflow/dags/hw_topic7_DAG_Oleksandr_Iesypenko.py for tasks to queue
[2025-11-16T13:01:20.970+0000] {logging_mixin.py:188} INFO - [2025-11-16T13:01:20.970+0000] {dagbag.py:540} INFO - Filling up the DagBag from /opt/airflow/dags/hw_topic7_DAG_Oleksandr_Iesypenko.py
[2025-11-16T13:01:20.982+0000] {processor.py:840} INFO - DAG(s) 'oie_olympic_medal_counter_with_sensor' retrieved from /opt/airflow/dags/hw_topic7_DAG_Oleksandr_Iesypenko.py
[2025-11-16T13:01:20.995+0000] {logging_mixin.py:188} INFO - [2025-11-16T13:01:20.995+0000] {dag.py:3047} INFO - Sync 1 DAGs
[2025-11-16T13:01:21.000+0000] {logging_mixin.py:188} INFO - [2025-11-16T13:01:21.000+0000] {dag.py:3834} INFO - Setting next_dagrun for oie_olympic_medal_counter_with_sensor to None, run_after=None
[2025-11-16T13:01:21.008+0000] {processor.py:183} INFO - Processing /opt/airflow/dags/hw_topic7_DAG_Oleksandr_Iesypenko.py took 0.043 seconds
[2025-11-16T13:01:24.053+0000] {processor.py:161} INFO - Started process (PID=2455) to work on /opt/airflow/dags/hw_topic7_DAG_Oleksandr_Iesypenko.py
[2025-11-16T13:01:24.054+0000] {processor.py:830} INFO - Processing file /opt/airflow/dags/hw_topic7_DAG_Oleksandr_Iesypenko.py for tasks to queue
[2025-11-16T13:01:24.055+0000] {logging_mixin.py:188} INFO - [2025-11-16T13:01:24.055+0000] {dagbag.py:540} INFO - Filling up the DagBag from /opt/airflow/dags/hw_topic7_DAG_Oleksandr_Iesypenko.py
[2025-11-16T13:01:24.067+0000] {processor.py:840} INFO - DAG(s) 'oie_olympic_medal_counter_with_sensor' retrieved from /opt/airflow/dags/hw_topic7_DAG_Oleksandr_Iesypenko.py
[2025-11-16T13:01:24.080+0000] {logging_mixin.py:188} INFO - [2025-11-16T13:01:24.080+0000] {dag.py:3047} INFO - Sync 1 DAGs
[2025-11-16T13:01:24.085+0000] {logging_mixin.py:188} INFO - [2025-11-16T13:01:24.085+0000] {dag.py:3834} INFO - Setting next_dagrun for oie_olympic_medal_counter_with_sensor to None, run_after=None
[2025-11-16T13:01:24.094+0000] {processor.py:183} INFO - Processing /opt/airflow/dags/hw_topic7_DAG_Oleksandr_Iesypenko.py took 0.044 seconds
[2025-11-16T13:01:54.251+0000] {processor.py:161} INFO - Started process (PID=2517) to work on /opt/airflow/dags/hw_topic7_DAG_Oleksandr_Iesypenko.py
[2025-11-16T13:01:54.253+0000] {processor.py:830} INFO - Processing file /opt/airflow/dags/hw_topic7_DAG_Oleksandr_Iesypenko.py for tasks to queue
[2025-11-16T13:01:54.254+0000] {logging_mixin.py:188} INFO - [2025-11-16T13:01:54.253+0000] {dagbag.py:540} INFO - Filling up the DagBag from /opt/airflow/dags/hw_topic7_DAG_Oleksandr_Iesypenko.py
[2025-11-16T13:01:54.270+0000] {processor.py:840} INFO - DAG(s) 'oie_olympic_medal_counter_with_sensor' retrieved from /opt/airflow/dags/hw_topic7_DAG_Oleksandr_Iesypenko.py
[2025-11-16T13:01:54.288+0000] {logging_mixin.py:188} INFO - [2025-11-16T13:01:54.288+0000] {dag.py:3047} INFO - Sync 1 DAGs
[2025-11-16T13:01:54.295+0000] {logging_mixin.py:188} INFO - [2025-11-16T13:01:54.295+0000] {dag.py:3834} INFO - Setting next_dagrun for oie_olympic_medal_counter_with_sensor to None, run_after=None
[2025-11-16T13:01:54.304+0000] {processor.py:183} INFO - Processing /opt/airflow/dags/hw_topic7_DAG_Oleksandr_Iesypenko.py took 0.058 seconds
[2025-11-16T13:02:24.484+0000] {processor.py:161} INFO - Started process (PID=2579) to work on /opt/airflow/dags/hw_topic7_DAG_Oleksandr_Iesypenko.py
[2025-11-16T13:02:24.485+0000] {processor.py:830} INFO - Processing file /opt/airflow/dags/hw_topic7_DAG_Oleksandr_Iesypenko.py for tasks to queue
[2025-11-16T13:02:24.486+0000] {logging_mixin.py:188} INFO - [2025-11-16T13:02:24.485+0000] {dagbag.py:540} INFO - Filling up the DagBag from /opt/airflow/dags/hw_topic7_DAG_Oleksandr_Iesypenko.py
[2025-11-16T13:02:24.497+0000] {processor.py:840} INFO - DAG(s) 'oie_olympic_medal_counter_with_sensor' retrieved from /opt/airflow/dags/hw_topic7_DAG_Oleksandr_Iesypenko.py
[2025-11-16T13:02:24.512+0000] {logging_mixin.py:188} INFO - [2025-11-16T13:02:24.512+0000] {dag.py:3047} INFO - Sync 1 DAGs
[2025-11-16T13:02:24.517+0000] {logging_mixin.py:188} INFO - [2025-11-16T13:02:24.517+0000] {dag.py:3834} INFO - Setting next_dagrun for oie_olympic_medal_counter_with_sensor to None, run_after=None
[2025-11-16T13:02:24.525+0000] {processor.py:183} INFO - Processing /opt/airflow/dags/hw_topic7_DAG_Oleksandr_Iesypenko.py took 0.045 seconds
[2025-11-16T13:02:54.574+0000] {processor.py:161} INFO - Started process (PID=2641) to work on /opt/airflow/dags/hw_topic7_DAG_Oleksandr_Iesypenko.py
[2025-11-16T13:02:54.575+0000] {processor.py:830} INFO - Processing file /opt/airflow/dags/hw_topic7_DAG_Oleksandr_Iesypenko.py for tasks to queue
[2025-11-16T13:02:54.576+0000] {logging_mixin.py:188} INFO - [2025-11-16T13:02:54.576+0000] {dagbag.py:540} INFO - Filling up the DagBag from /opt/airflow/dags/hw_topic7_DAG_Oleksandr_Iesypenko.py
[2025-11-16T13:02:54.587+0000] {processor.py:840} INFO - DAG(s) 'oie_olympic_medal_counter_with_sensor' retrieved from /opt/airflow/dags/hw_topic7_DAG_Oleksandr_Iesypenko.py
[2025-11-16T13:02:54.601+0000] {logging_mixin.py:188} INFO - [2025-11-16T13:02:54.601+0000] {dag.py:3047} INFO - Sync 1 DAGs
[2025-11-16T13:02:54.607+0000] {logging_mixin.py:188} INFO - [2025-11-16T13:02:54.606+0000] {dag.py:3834} INFO - Setting next_dagrun for oie_olympic_medal_counter_with_sensor to None, run_after=None
[2025-11-16T13:02:54.615+0000] {processor.py:183} INFO - Processing /opt/airflow/dags/hw_topic7_DAG_Oleksandr_Iesypenko.py took 0.044 seconds
[2025-11-16T13:03:24.705+0000] {processor.py:161} INFO - Started process (PID=2703) to work on /opt/airflow/dags/hw_topic7_DAG_Oleksandr_Iesypenko.py
[2025-11-16T13:03:24.706+0000] {processor.py:830} INFO - Processing file /opt/airflow/dags/hw_topic7_DAG_Oleksandr_Iesypenko.py for tasks to queue
[2025-11-16T13:03:24.707+0000] {logging_mixin.py:188} INFO - [2025-11-16T13:03:24.707+0000] {dagbag.py:540} INFO - Filling up the DagBag from /opt/airflow/dags/hw_topic7_DAG_Oleksandr_Iesypenko.py
[2025-11-16T13:03:24.718+0000] {processor.py:840} INFO - DAG(s) 'oie_olympic_medal_counter_with_sensor' retrieved from /opt/airflow/dags/hw_topic7_DAG_Oleksandr_Iesypenko.py
[2025-11-16T13:03:24.732+0000] {logging_mixin.py:188} INFO - [2025-11-16T13:03:24.732+0000] {dag.py:3047} INFO - Sync 1 DAGs
[2025-11-16T13:03:24.738+0000] {logging_mixin.py:188} INFO - [2025-11-16T13:03:24.738+0000] {dag.py:3834} INFO - Setting next_dagrun for oie_olympic_medal_counter_with_sensor to None, run_after=None
[2025-11-16T13:03:24.813+0000] {processor.py:183} INFO - Processing /opt/airflow/dags/hw_topic7_DAG_Oleksandr_Iesypenko.py took 0.110 seconds
[2025-11-16T13:03:54.874+0000] {processor.py:161} INFO - Started process (PID=2765) to work on /opt/airflow/dags/hw_topic7_DAG_Oleksandr_Iesypenko.py
[2025-11-16T13:03:54.874+0000] {processor.py:830} INFO - Processing file /opt/airflow/dags/hw_topic7_DAG_Oleksandr_Iesypenko.py for tasks to queue
[2025-11-16T13:03:54.875+0000] {logging_mixin.py:188} INFO - [2025-11-16T13:03:54.875+0000] {dagbag.py:540} INFO - Filling up the DagBag from /opt/airflow/dags/hw_topic7_DAG_Oleksandr_Iesypenko.py
[2025-11-16T13:03:54.883+0000] {processor.py:840} INFO - DAG(s) 'oie_olympic_medal_counter_with_sensor' retrieved from /opt/airflow/dags/hw_topic7_DAG_Oleksandr_Iesypenko.py
[2025-11-16T13:03:54.894+0000] {logging_mixin.py:188} INFO - [2025-11-16T13:03:54.894+0000] {dag.py:3047} INFO - Sync 1 DAGs
[2025-11-16T13:03:54.967+0000] {logging_mixin.py:188} INFO - [2025-11-16T13:03:54.967+0000] {dag.py:3834} INFO - Setting next_dagrun for oie_olympic_medal_counter_with_sensor to None, run_after=None
[2025-11-16T13:03:54.974+0000] {processor.py:183} INFO - Processing /opt/airflow/dags/hw_topic7_DAG_Oleksandr_Iesypenko.py took 0.102 seconds
[2025-11-16T13:04:26.006+0000] {processor.py:161} INFO - Started process (PID=2827) to work on /opt/airflow/dags/hw_topic7_DAG_Oleksandr_Iesypenko.py
[2025-11-16T13:04:26.007+0000] {processor.py:830} INFO - Processing file /opt/airflow/dags/hw_topic7_DAG_Oleksandr_Iesypenko.py for tasks to queue
[2025-11-16T13:04:26.007+0000] {logging_mixin.py:188} INFO - [2025-11-16T13:04:26.007+0000] {dagbag.py:540} INFO - Filling up the DagBag from /opt/airflow/dags/hw_topic7_DAG_Oleksandr_Iesypenko.py
[2025-11-16T13:04:26.018+0000] {processor.py:840} INFO - DAG(s) 'oie_olympic_medal_counter_with_sensor' retrieved from /opt/airflow/dags/hw_topic7_DAG_Oleksandr_Iesypenko.py
[2025-11-16T13:04:26.033+0000] {logging_mixin.py:188} INFO - [2025-11-16T13:04:26.033+0000] {dag.py:3047} INFO - Sync 1 DAGs
[2025-11-16T13:04:26.039+0000] {logging_mixin.py:188} INFO - [2025-11-16T13:04:26.039+0000] {dag.py:3834} INFO - Setting next_dagrun for oie_olympic_medal_counter_with_sensor to None, run_after=None
[2025-11-16T13:04:26.047+0000] {processor.py:183} INFO - Processing /opt/airflow/dags/hw_topic7_DAG_Oleksandr_Iesypenko.py took 0.044 seconds
