[2025-11-16T13:29:46.563+0000] {taskinstance.py:1979} INFO - Dependencies all met for dep_context=non-requeueable deps ti=<TaskInstance: oie_olympic_medal_counter_with_sensor.create_medals_table manual__2025-11-16T13:29:45.197626+00:00 [queued]>
[2025-11-16T13:29:46.565+0000] {taskinstance.py:1979} INFO - Dependencies all met for dep_context=requeueable deps ti=<TaskInstance: oie_olympic_medal_counter_with_sensor.create_medals_table manual__2025-11-16T13:29:45.197626+00:00 [queued]>
[2025-11-16T13:29:46.566+0000] {taskinstance.py:2193} INFO - Starting attempt 1 of 1
[2025-11-16T13:29:46.569+0000] {taskinstance.py:2214} INFO - Executing <Task(PostgresOperator): create_medals_table> on 2025-11-16 13:29:45.197626+00:00
[2025-11-16T13:29:46.572+0000] {standard_task_runner.py:60} INFO - Started process 12861 to run task
[2025-11-16T13:29:46.574+0000] {standard_task_runner.py:87} INFO - Running: ['***', 'tasks', 'run', 'oie_olympic_medal_counter_with_sensor', 'create_medals_table', 'manual__2025-11-16T13:29:45.197626+00:00', '--job-id', '9', '--raw', '--subdir', 'DAGS_FOLDER/hw_topic7_DAG_Oleksandr_Iesypenko.py', '--cfg-path', '/tmp/tmpcmp5n4ff']
[2025-11-16T13:29:46.576+0000] {standard_task_runner.py:88} INFO - Job 9: Subtask create_medals_table
[2025-11-16T13:29:46.594+0000] {task_command.py:423} INFO - Running <TaskInstance: oie_olympic_medal_counter_with_sensor.create_medals_table manual__2025-11-16T13:29:45.197626+00:00 [running]> on host d36c22d53cd0
[2025-11-16T13:29:46.620+0000] {taskinstance.py:2510} INFO - Exporting env vars: AIRFLOW_CTX_DAG_OWNER='***' AIRFLOW_CTX_DAG_ID='oie_olympic_medal_counter_with_sensor' AIRFLOW_CTX_TASK_ID='create_medals_table' AIRFLOW_CTX_EXECUTION_DATE='2025-11-16T13:29:45.197626+00:00' AIRFLOW_CTX_TRY_NUMBER='1' AIRFLOW_CTX_DAG_RUN_ID='manual__2025-11-16T13:29:45.197626+00:00'
[2025-11-16T13:29:46.621+0000] {sql.py:276} INFO - Executing: 
    CREATE TABLE IF NOT EXISTS medals (
        id SERIAL PRIMARY KEY,
        medal_type VARCHAR(50) NOT NULL,
        count INT,
        created_at TIMESTAMP DEFAULT CURRENT_TIMESTAMP
    );
    
[2025-11-16T13:29:46.623+0000] {base.py:83} INFO - Using connection ID 'postgres_default' for task execution.
[2025-11-16T13:29:46.629+0000] {base.py:83} INFO - Using connection ID 'postgres_default' for task execution.
[2025-11-16T13:29:46.630+0000] {sql.py:457} INFO - Running statement: 
    CREATE TABLE IF NOT EXISTS medals (
        id SERIAL PRIMARY KEY,
        medal_type VARCHAR(50) NOT NULL,
        count INT,
        created_at TIMESTAMP DEFAULT CURRENT_TIMESTAMP
    );
    , parameters: None
[2025-11-16T13:29:46.634+0000] {warnings.py:109} WARNING - /home/***/.local/lib/python3.8/site-packages/***/providers/common/sql/hooks/sql.py:407: AirflowProviderDeprecationWarning: Call to deprecated method _make_common_data_structure. (The `_make_serializable` method is deprecated and support will be removed in a future version of the common.sql provider. Please update the DbApiHook's provider to a version based on common.sql >= 1.9.1.)
  result = self._make_common_data_structure(handler(cur))

[2025-11-16T13:29:46.638+0000] {taskinstance.py:1149} INFO - Marking task as SUCCESS. dag_id=oie_olympic_medal_counter_with_sensor, task_id=create_medals_table, execution_date=20251116T132945, start_date=20251116T132946, end_date=20251116T132946
[2025-11-16T13:29:46.670+0000] {local_task_job_runner.py:234} INFO - Task exited with return code 0
[2025-11-16T13:29:46.676+0000] {warnings.py:109} WARNING - /home/***/.local/lib/python3.8/site-packages/***/models/baseoperator.py:1201: AirflowProviderDeprecationWarning: Call to deprecated class PostgresOperator. (Please use `***.providers.common.sql.operators.sql.SQLExecuteQueryOperator`.Also, you can provide `hook_params={'schema': <database>}`.)
  result = cls.__new__(cls)

[2025-11-16T13:29:46.683+0000] {taskinstance.py:3309} INFO - 1 downstream tasks scheduled from follow-on schedule check
