[2025-11-16T14:52:52.989+0000] {taskinstance.py:1979} INFO - Dependencies all met for dep_context=non-requeueable deps ti=<TaskInstance: oie_olympic_medal_counter_with_sensor.count_gold_task manual__2025-11-16T14:52:48.740799+00:00 [queued]>
[2025-11-16T14:52:52.992+0000] {taskinstance.py:1979} INFO - Dependencies all met for dep_context=requeueable deps ti=<TaskInstance: oie_olympic_medal_counter_with_sensor.count_gold_task manual__2025-11-16T14:52:48.740799+00:00 [queued]>
[2025-11-16T14:52:52.992+0000] {taskinstance.py:2193} INFO - Starting attempt 1 of 1
[2025-11-16T14:52:52.996+0000] {taskinstance.py:2214} INFO - Executing <Task(PostgresOperator): count_gold_task> on 2025-11-16 14:52:48.740799+00:00
[2025-11-16T14:52:52.998+0000] {standard_task_runner.py:60} INFO - Started process 14174 to run task
[2025-11-16T14:52:53.000+0000] {standard_task_runner.py:87} INFO - Running: ['***', 'tasks', 'run', 'oie_olympic_medal_counter_with_sensor', 'count_gold_task', 'manual__2025-11-16T14:52:48.740799+00:00', '--job-id', '16', '--raw', '--subdir', 'DAGS_FOLDER/hw_topic7_DAG_Oleksandr_Iesypenko.py', '--cfg-path', '/tmp/tmp882raieh']
[2025-11-16T14:52:53.001+0000] {standard_task_runner.py:88} INFO - Job 16: Subtask count_gold_task
[2025-11-16T14:52:53.018+0000] {task_command.py:423} INFO - Running <TaskInstance: oie_olympic_medal_counter_with_sensor.count_gold_task manual__2025-11-16T14:52:48.740799+00:00 [running]> on host d36c22d53cd0
[2025-11-16T14:52:53.042+0000] {taskinstance.py:2510} INFO - Exporting env vars: AIRFLOW_CTX_DAG_OWNER='***' AIRFLOW_CTX_DAG_ID='oie_olympic_medal_counter_with_sensor' AIRFLOW_CTX_TASK_ID='count_gold_task' AIRFLOW_CTX_EXECUTION_DATE='2025-11-16T14:52:48.740799+00:00' AIRFLOW_CTX_TRY_NUMBER='1' AIRFLOW_CTX_DAG_RUN_ID='manual__2025-11-16T14:52:48.740799+00:00'
[2025-11-16T14:52:53.042+0000] {sql.py:276} INFO - Executing: 
    INSERT INTO medals (medal_type, count)
    SELECT
        %s,
        COUNT(*)
    FROM
        olympic_dataset.athlete_event_results
    WHERE
        medal = %s;
    
[2025-11-16T14:52:53.045+0000] {base.py:83} INFO - Using connection ID 'postgres_default' for task execution.
[2025-11-16T14:52:53.048+0000] {base.py:83} INFO - Using connection ID 'postgres_default' for task execution.
[2025-11-16T14:52:53.049+0000] {sql.py:457} INFO - Running statement: 
    INSERT INTO medals (medal_type, count)
    SELECT
        %s,
        COUNT(*)
    FROM
        olympic_dataset.athlete_event_results
    WHERE
        medal = %s;
    , parameters: ['Gold', 'Gold']
[2025-11-16T14:52:53.050+0000] {taskinstance.py:2728} ERROR - Task failed with exception
Traceback (most recent call last):
  File "/home/airflow/.local/lib/python3.8/site-packages/airflow/models/taskinstance.py", line 444, in _execute_task
    result = _execute_callable(context=context, **execute_callable_kwargs)
  File "/home/airflow/.local/lib/python3.8/site-packages/airflow/models/taskinstance.py", line 414, in _execute_callable
    return execute_callable(context=context, **execute_callable_kwargs)
  File "/home/airflow/.local/lib/python3.8/site-packages/airflow/providers/common/sql/operators/sql.py", line 282, in execute
    output = hook.run(
  File "/home/airflow/.local/lib/python3.8/site-packages/airflow/providers/common/sql/hooks/sql.py", line 404, in run
    self._run_command(cur, sql_statement, parameters)
  File "/home/airflow/.local/lib/python3.8/site-packages/airflow/providers/common/sql/hooks/sql.py", line 460, in _run_command
    cur.execute(sql_statement, parameters)
psycopg2.errors.UndefinedTable: relation "olympic_dataset.athlete_event_results" does not exist
LINE 7:         olympic_dataset.athlete_event_results
                ^

[2025-11-16T14:52:53.052+0000] {taskinstance.py:1149} INFO - Marking task as FAILED. dag_id=oie_olympic_medal_counter_with_sensor, task_id=count_gold_task, execution_date=20251116T145248, start_date=20251116T145252, end_date=20251116T145253
[2025-11-16T14:52:53.056+0000] {standard_task_runner.py:107} ERROR - Failed to execute job 16 for task count_gold_task (relation "olympic_dataset.athlete_event_results" does not exist
LINE 7:         olympic_dataset.athlete_event_results
                ^
; 14174)
[2025-11-16T14:52:53.099+0000] {local_task_job_runner.py:234} INFO - Task exited with return code 1
[2025-11-16T14:52:53.105+0000] {warnings.py:109} WARNING - /home/***/.local/lib/python3.8/site-packages/***/models/baseoperator.py:1201: AirflowProviderDeprecationWarning: Call to deprecated class PostgresOperator. (Please use `***.providers.common.sql.operators.sql.SQLExecuteQueryOperator`.Also, you can provide `hook_params={'schema': <database>}`.)
  result = cls.__new__(cls)

[2025-11-16T14:52:53.111+0000] {taskinstance.py:3309} INFO - 0 downstream tasks scheduled from follow-on schedule check
